<?xml version="1.0" encoding="UTF-8"?>
<testng-results skipped="0" failed="0" ignored="0" total="1" passed="1">
  <reporter-output>
  </reporter-output>
  <suite name="Default suite" duration-ms="1136" started-at="2021-06-23T15:18:26Z" finished-at="2021-06-23T15:18:27Z">
    <groups>
    </groups>
    <test name="Default test" duration-ms="1136" started-at="2021-06-23T15:18:26Z" finished-at="2021-06-23T15:18:27Z">
      <class name="GetAPITest">
        <test-method status="PASS" signature="setUp()[pri:0, instance:GetAPITest@1753acfe]" name="setUp" is-config="true" duration-ms="15" started-at="2021-06-23T15:18:26Z" finished-at="2021-06-23T15:18:26Z">
          <reporter-output>
          </reporter-output>
        </test-method> <!-- setUp -->
        <test-method status="PASS" signature="testGetAPI()[pri:0, instance:GetAPITest@1753acfe]" name="testGetAPI" duration-ms="1084" started-at="2021-06-23T15:18:26Z" finished-at="2021-06-23T15:18:27Z">
          <reporter-output>
          </reporter-output>
        </test-method> <!-- testGetAPI -->
      </class> <!-- GetAPITest -->
    </test> <!-- Default test -->
  </suite> <!-- Default suite -->
</testng-results>
